SF:lib\dependency_injection\setup_di.dart
DA:9,1
DA:10,1
DA:11,2
DA:12,2
DA:13,3
LF:5
LH:5
end_of_record
SF:lib\main.dart
DA:12,0
DA:13,0
DA:14,0
DA:18,2
DA:21,1
DA:23,1
DA:24,1
DA:25,1
DA:26,3
DA:30,1
DA:31,1
DA:32,1
DA:35,1
DA:37,1
DA:39,3
DA:43,1
DA:44,3
DA:48,1
DA:49,1
LF:19
LH:16
end_of_record
SF:lib\routing\routes_map.dart
DA:15,3
DA:16,1
DA:17,1
DA:18,1
DA:21,1
DA:22,0
DA:23,0
DA:26,1
DA:27,0
DA:28,0
DA:31,1
DA:32,0
DA:33,0
DA:36,1
DA:37,0
DA:38,0
DA:41,1
DA:42,1
DA:43,0
DA:44,0
DA:47,1
DA:48,0
DA:49,0
DA:52,1
DA:53,0
DA:54,0
DA:57,1
DA:58,0
DA:59,0
DA:62,1
DA:63,0
DA:64,0
DA:67,1
DA:68,0
DA:69,0
DA:70,1
LF:36
LH:16
end_of_record
SF:lib\theme\custom_theme_data.dart
DA:9,3
DA:12,1
DA:15,1
DA:16,1
DA:17,1
DA:19,1
LF:6
LH:6
end_of_record
SF:lib\theme\custom_filled_button_theme.dart
DA:5,2
DA:6,1
DA:7,1
DA:8,1
DA:9,1
DA:22,1
DA:23,1
DA:24,1
LF:8
LH:8
end_of_record
SF:lib\theme\custom_floating_action_button_theme.dart
DA:5,1
LF:1
LH:1
end_of_record
SF:lib\theme\custom_input_decoration_theme.dart
DA:7,2
DA:8,1
DA:9,1
DA:10,1
DA:11,1
LF:5
LH:5
end_of_record
SF:lib\theme\custom_search_bar_theme.dart
DA:4,2
DA:5,1
DA:6,1
DA:7,1
LF:4
LH:4
end_of_record
SF:lib\theme\custom_text_theme.dart
DA:5,2
LF:1
LH:1
end_of_record
